<?xml version="1.0" encoding="UTF-8" ?>
<testsuite tests="19" failures="0" name="com.mks.mvc.core.exc.GeneralCMFExceptionTest" time="0" errors="0" skipped="0">
  <properties>
[...]
</properties>
  <testcase classname="com.mks.mvc.core.exc.GeneralCMFExceptionTest" name="GeneralCMFExceptionWithRejectionsAsParameter" time="0"/>
  <testcase classname="com.mks.mvc.core.exc.GeneralCMFExceptionTest" name="GeneralCMFExceptionWithRejections" time="0"/>
  <testcase classname="com.mks.mvc.core.exc.GeneralCMFExceptionTest" name="toStringFunctionalityWhenTechnicalDetailsNotNull" time="0"/>
  <testcase classname="com.mks.mvc.core.exc.GeneralCMFExceptionTest" name="getComponent" time="0"/>
  <testcase classname="com.mks.mvc.core.exc.GeneralCMFExceptionTest" name="GeneralCMFExceptionWithNormalParameters" time="0"/>
  <testcase classname="com.mks.mvc.core.exc.GeneralCMFExceptionTest" name="toStringFunctionalityWhenCauseIsNotNull" time="0"/>
  <testcase classname="com.mks.mvc.core.exc.GeneralCMFExceptionTest" name="getRejections" time="0"/>
  <testcase classname="com.mks.mvc.core.exc.GeneralCMFExceptionTest" name="GeneralCMFExceptionWithThreeParameters" time="0"/>
  <testcase classname="com.mks.mvc.core.exc.GeneralCMFExceptionTest" name="GeneralCMFExceptionWithRejectionsAndTechDetails" time="0"/>
  <testcase classname="com.mks.mvc.core.exc.GeneralCMFExceptionTest" name="GeneralCMFExceptionWithFourParameters" time="0"/>
  <testcase classname="com.mks.mvc.core.exc.GeneralCMFExceptionTest" name="getCode" time="0"/>
  <testcase classname="com.mks.mvc.core.exc.GeneralCMFExceptionTest" name="getTimestamp" time="0"/>
  <testcase classname="com.mks.mvc.core.exc.GeneralCMFExceptionTest" name="GeneralCMFExceptionDefaultConstructor" time="0"/>
  <testcase classname="com.mks.mvc.core.exc.GeneralCMFExceptionTest" name="getTechnicalDetails" time="0"/>
  <testcase classname="com.mks.mvc.core.exc.GeneralCMFExceptionTest" name="GeneralCMFExceptionWithTwoParameters" time="0"/>
  <testcase classname="com.mks.mvc.core.exc.GeneralCMFExceptionTest" name="toStringFunctionalityWhenCodeAndMessageIsNull" time="0"/>
  <testcase classname="com.mks.mvc.core.exc.GeneralCMFExceptionTest" name="GeneralCMFExceptionWithRejectionsAsParameterWithException" time="0"/>
  <testcase classname="com.mks.mvc.core.exc.GeneralCMFExceptionTest" name="getMessage" time="0"/>
  <testcase classname="com.mks.mvc.core.exc.GeneralCMFExceptionTest" name="toStringFunctionality" time="0"/>
</testsuite>